<?xml version="1.0" encoding="UTF-8"?>
<!-- Generated by org.testng.reporters.JUnitReportReporter -->
<testsuite hostname="DESKTOP-AGBRFT0" failures="0" tests="1" name="leads_module.ToCreateALeadTest" time="17.015" errors="0" timestamp="22 Feb 2024 00:48:30 GMT" skipped="0">
  <testcase classname="leads_module.ToCreateALeadTest" name="toCreateALeadAndToVerifyTheLeadDetails" time="17.015"/>
</testsuite> <!-- leads_module.ToCreateALeadTest -->
