<?xml version="1.0" encoding="UTF-8"?>
<!-- Generated by org.testng.reporters.JUnitReportReporter -->
<testsuite hostname="DESKTOP-AGBRFT0" failures="0" tests="1" name="opportunities_module.CreateOpportunitiesTest" time="38.865" errors="0" timestamp="22 Feb 2024 07:31:14 GMT" skipped="0">
  <testcase classname="opportunities_module.CreateOpportunitiesTest" name="createOpportunitiesWithOrganizationNameAndCampaignNameAndVerifyTest" time="38.865"/>
</testsuite> <!-- opportunities_module.CreateOpportunitiesTest -->
