<?xml version="1.0" encoding="UTF-8"?>
<!-- Generated by org.testng.reporters.JUnitReportReporter -->
<testsuite hostname="DESKTOP-AGBRFT0" failures="0" tests="1" name="opportunities_module.CreateOpportunitiesTest" time="40.599" errors="0" timestamp="23 Feb 2024 04:28:01 GMT" skipped="0">
  <testcase classname="opportunities_module.CreateOpportunitiesTest" name="createOpportunitiesWithOrganizationNameAndCampaignNameAndVerifyTest" time="40.599"/>
</testsuite> <!-- opportunities_module.CreateOpportunitiesTest -->
