<?xml version="1.0" encoding="UTF-8"?>
<!-- Generated by org.testng.reporters.JUnitReportReporter -->
<testsuite hostname="DESKTOP-AGBRFT0" failures="0" tests="1" name="leads_module.ToCreateALeadTest" time="17.088" errors="0" timestamp="23 Feb 2024 04:28:01 GMT" skipped="0">
  <testcase classname="leads_module.ToCreateALeadTest" name="toCreateALeadAndToVerifyTheLeadDetails" time="17.088"/>
</testsuite> <!-- leads_module.ToCreateALeadTest -->
